2012-05-09 21:50:00 Notice: Notice (8): Undefined index: title in [/var/www/masTODOnt/views/tasks/index.ctp, line 16]
2012-05-09 21:50:00 Notice: Notice (8): Undefined index: done in [/var/www/masTODOnt/views/tasks/index.ctp, line 20]
2012-05-09 21:50:00 Notice: Notice (8): Undefined index: modified in [/var/www/masTODOnt/views/tasks/index.ctp, line 28]
2012-05-09 22:30:49 Notice: Notice (8): Use of undefined constant VALID_NOT_EMPTY - assumed 'VALID_NOT_EMPTY' in [/usr/share/php/cake/libs/class_registry.php, line 141]
2012-05-09 22:30:52 Notice: Notice (8): Use of undefined constant VALID_NOT_EMPTY - assumed 'VALID_NOT_EMPTY' in [/usr/share/php/cake/libs/class_registry.php, line 141]
2012-05-09 22:30:57 Notice: Notice (8): Use of undefined constant VALID_NOT_EMPTY - assumed 'VALID_NOT_EMPTY' in [/usr/share/php/cake/libs/class_registry.php, line 141]
2012-05-09 22:30:57 Notice: Notice (8): Use of undefined constant VALID_NOT_EMPTY - assumed 'VALID_NOT_EMPTY' in [/usr/share/php/cake/libs/class_registry.php, line 141]
2012-05-09 22:34:16 Notice: Notice (8): Use of undefined constant VALID_NOT_EMPTY - assumed 'VALID_NOT_EMPTY' in [/usr/share/php/cake/libs/class_registry.php, line 141]
2012-05-09 22:34:20 Notice: Notice (8): Use of undefined constant VALID_NOT_EMPTY - assumed 'VALID_NOT_EMPTY' in [/usr/share/php/cake/libs/class_registry.php, line 141]
2012-05-09 22:34:52 Notice: Notice (8): Use of undefined constant notEmpty - assumed 'notEmpty' in [/usr/share/php/cake/libs/class_registry.php, line 141]
2012-05-09 22:34:52 Notice: Notice (8): Use of undefined constant notEmpty - assumed 'notEmpty' in [/usr/share/php/cake/libs/class_registry.php, line 141]
2012-05-12 22:00:12 Notice: Notice (8): Undefined variable: id in [/var/www/masTODOnt/controllers/tasks_controller.php, line 11]
2012-05-12 22:01:22 Notice: Notice (8): Undefined variable: id in [/var/www/masTODOnt/controllers/tasks_controller.php, line 11]
2012-05-12 22:14:00 Notice: Notice (8): Undefined variable: id in [/var/www/masTODOnt/controllers/tasks_controller.php, line 17]
2012-05-12 22:14:49 Notice: Notice (8): Undefined variable: id in [/var/www/masTODOnt/controllers/tasks_controller.php, line 65]
2012-05-12 22:14:51 Notice: Notice (8): Undefined variable: id in [/var/www/masTODOnt/controllers/tasks_controller.php, line 65]
2012-05-12 22:15:01 Notice: Notice (8): Undefined variable: id in [/var/www/masTODOnt/controllers/tasks_controller.php, line 65]
2012-05-12 22:15:03 Notice: Notice (8): Undefined variable: id in [/var/www/masTODOnt/controllers/tasks_controller.php, line 65]
2012-05-12 22:15:53 Notice: Notice (8): Undefined variable: id in [/var/www/masTODOnt/controllers/tasks_controller.php, line 65]
2012-05-12 22:15:56 Notice: Notice (8): Undefined variable: id in [/var/www/masTODOnt/controllers/tasks_controller.php, line 65]
2012-05-12 22:16:05 Notice: Notice (8): Undefined variable: id in [/var/www/masTODOnt/controllers/tasks_controller.php, line 65]
2012-05-12 22:16:06 Notice: Notice (8): Undefined variable: id in [/var/www/masTODOnt/controllers/tasks_controller.php, line 65]
2012-05-12 22:16:17 Notice: Notice (8): Undefined variable: id in [/var/www/masTODOnt/controllers/tasks_controller.php, line 65]
2012-05-12 22:16:18 Notice: Notice (8): Undefined variable: id in [/var/www/masTODOnt/controllers/tasks_controller.php, line 65]
2012-05-12 22:17:11 Notice: Notice (8): Undefined variable: id in [/var/www/masTODOnt/controllers/tasks_controller.php, line 70]
2012-05-12 22:17:14 Notice: Notice (8): Undefined variable: id in [/var/www/masTODOnt/controllers/tasks_controller.php, line 70]
2012-05-12 22:17:16 Notice: Notice (8): Undefined variable: id in [/var/www/masTODOnt/controllers/tasks_controller.php, line 70]
2012-05-12 22:17:22 Notice: Notice (8): Undefined variable: id in [/var/www/masTODOnt/controllers/tasks_controller.php, line 70]
2012-05-12 23:13:02 Notice: Notice (8): Undefined property: Task::$TagsTasks in [/var/www/masTODOnt/controllers/tasks_controller.php, line 61]
2012-05-13 17:33:00 Notice: Notice (8): Undefined variable: task in [/var/www/masTODOnt/views/contexts/index.ctp, line 17]
2012-05-13 17:33:00 Notice: Notice (8): Undefined variable: task in [/var/www/masTODOnt/views/contexts/index.ctp, line 20]
2012-05-13 17:33:00 Notice: Notice (8): Undefined variable: task in [/var/www/masTODOnt/views/contexts/index.ctp, line 23]
2012-05-13 17:33:00 Notice: Notice (8): Undefined variable: task in [/var/www/masTODOnt/views/contexts/index.ctp, line 26]
2012-05-13 17:33:00 Notice: Notice (8): Undefined variable: task in [/var/www/masTODOnt/views/contexts/index.ctp, line 29]
2012-05-13 17:44:37 Notice: Notice (8): Undefined index:  in [/var/www/masTODOnt/views/tasks/index.ctp, line 44]
2012-05-13 17:44:48 Notice: Notice (8): Undefined index: Labels in [/var/www/masTODOnt/views/tasks/index.ctp, line 44]
2012-05-13 17:44:50 Notice: Notice (8): Undefined index: Label in [/var/www/masTODOnt/views/tasks/index.ctp, line 44]
2012-05-13 17:46:21 Notice: Notice (8): Undefined index: labels in [/var/www/masTODOnt/views/tasks/index.ctp, line 44]
2012-05-13 17:47:13 Notice: Notice (8): Undefined index: labels in [/var/www/masTODOnt/views/tasks/index.ctp, line 44]
2012-05-13 17:48:41 Notice: Notice (8): Undefined index: labels in [/var/www/masTODOnt/views/tasks/index.ctp, line 44]
2012-05-13 17:48:50 Notice: Notice (8): Undefined index: labels in [/var/www/masTODOnt/views/tasks/index.ctp, line 44]
2012-05-13 17:51:27 Notice: Notice (8): Undefined index: labels in [/var/www/masTODOnt/views/tasks/index.ctp, line 44]
2012-05-13 17:51:28 Notice: Notice (8): Undefined index: labels in [/var/www/masTODOnt/views/tasks/index.ctp, line 44]
2012-05-13 17:51:35 Notice: Notice (8): Undefined index: labels in [/var/www/masTODOnt/views/tasks/index.ctp, line 44]
2012-05-13 17:51:43 Notice: Notice (8): Undefined index: labels in [/var/www/masTODOnt/views/tasks/index.ctp, line 44]
2012-05-13 17:54:12 Notice: Notice (8): Undefined index: tags in [/var/www/masTODOnt/views/tasks/index.ctp, line 44]
2012-05-13 17:54:24 Notice: Notice (8): Undefined index: Tag in [/var/www/masTODOnt/views/tasks/index.ctp, line 44]
2012-05-13 17:54:28 Notice: Notice (8): Undefined index: Tag in [/var/www/masTODOnt/views/tasks/index.ctp, line 44]
2012-05-13 17:56:02 Notice: Notice (8): Undefined index: tags in [/var/www/masTODOnt/views/tasks/index.ctp, line 44]
2012-05-13 17:56:46 Notice: Notice (8): Undefined index: tags in [/var/www/masTODOnt/views/tasks/index.ctp, line 44]
2012-05-13 17:58:45 Notice: Notice (8): Trying to get property of non-object in [/var/www/masTODOnt/controllers/tasks_controller.php, line 12]
2012-05-13 17:58:45 Notice: Notice (8): Trying to get property of non-object in [/var/www/masTODOnt/controllers/tasks_controller.php, line 13]
2012-05-13 17:58:45 Notice: Notice (8): Undefined property: BehaviorCollection::$id in [/var/www/masTODOnt/controllers/tasks_controller.php, line 12]
2012-05-13 17:58:45 Notice: Notice (8): Undefined property: BehaviorCollection::$id in [/var/www/masTODOnt/controllers/tasks_controller.php, line 13]
2012-05-13 17:58:45 Notice: Notice (8): Undefined index: tags in [/var/www/masTODOnt/views/tasks/index.ctp, line 44]
2012-05-13 18:00:54 Notice: Notice (8): Trying to get property of non-object in [/var/www/masTODOnt/controllers/tasks_controller.php, line 12]
2012-05-13 18:00:54 Notice: Notice (8): Undefined index: Task in [/var/www/masTODOnt/controllers/tasks_controller.php, line 12]
2012-05-13 18:00:54 Notice: Notice (8): Trying to get property of non-object in [/var/www/masTODOnt/controllers/tasks_controller.php, line 13]
2012-05-13 18:00:54 Notice: Notice (8): Undefined property: BehaviorCollection::$id in [/var/www/masTODOnt/controllers/tasks_controller.php, line 12]
2012-05-13 18:00:54 Notice: Notice (8): Undefined property: BehaviorCollection::$id in [/var/www/masTODOnt/controllers/tasks_controller.php, line 13]
2012-05-13 18:00:54 Notice: Notice (8): Undefined index: tags in [/var/www/masTODOnt/views/tasks/index.ctp, line 44]
2012-05-13 18:01:21 Notice: Notice (8): Undefined index: tags in [/var/www/masTODOnt/views/tasks/index.ctp, line 44]
2012-05-13 18:02:31 Notice: Notice (8): Trying to get property of non-object in [/var/www/masTODOnt/views/tasks/index.ctp, line 45]
2012-05-23 19:51:45 Notice: Notice (8): Undefined variable: javascript in [/var/www/masTODOnt/views/layouts/default.ctp, line 37]
2012-05-23 19:51:45 Notice: Notice (8): Undefined variable: javascript in [/var/www/masTODOnt/views/layouts/default.ctp, line 37]
2012-05-23 19:51:58 Notice: Notice (8): Undefined variable: javascript in [/var/www/masTODOnt/views/layouts/default.ctp, line 37]
2012-05-23 19:52:07 Notice: Notice (8): Undefined variable: javascript in [/var/www/masTODOnt/views/layouts/default.ctp, line 37]
2012-05-23 19:55:50 Notice: Notice (8): Undefined variable: javascript in [/var/www/masTODOnt/views/layouts/default.ctp, line 37]
2012-05-23 19:55:50 Notice: Notice (8): Undefined variable: javascript in [/var/www/masTODOnt/views/layouts/default.ctp, line 37]
2012-05-23 19:55:51 Notice: Notice (8): Undefined variable: javascript in [/var/www/masTODOnt/views/layouts/default.ctp, line 37]
2012-05-23 19:55:51 Notice: Notice (8): Undefined variable: javascript in [/var/www/masTODOnt/views/layouts/default.ctp, line 37]
2012-05-23 19:55:59 Notice: Notice (8): Undefined variable: javascript in [/var/www/masTODOnt/views/layouts/default.ctp, line 37]
2012-05-23 19:56:14 Notice: Notice (8): Undefined variable: javascript in [/var/www/masTODOnt/views/layouts/default.ctp, line 37]
2012-05-23 19:56:40 Notice: Notice (8): Undefined variable: javascript in [/var/www/masTODOnt/views/layouts/default.ctp, line 37]
2012-05-23 19:56:40 Notice: Notice (8): Undefined variable: javascript in [/var/www/masTODOnt/views/layouts/default.ctp, line 37]
2012-05-23 20:15:58 Notice: Notice (8): Undefined variable: task in [/var/www/masTODOnt/views/tasks/task.ctp, line 1]
2012-05-23 20:15:58 Notice: Notice (8): Undefined variable: task in [/var/www/masTODOnt/views/tasks/task.ctp, line 3]
2012-05-23 20:15:58 Notice: Notice (8): Undefined variable: task in [/var/www/masTODOnt/views/tasks/task.ctp, line 9]
2012-05-23 20:15:58 Notice: Notice (8): Undefined variable: task in [/var/www/masTODOnt/views/tasks/task.ctp, line 10]
2012-05-23 20:15:58 Notice: Notice (8): Undefined variable: task in [/var/www/masTODOnt/views/tasks/task.ctp, line 13]
2012-05-23 20:15:58 Notice: Notice (8): Undefined variable: task in [/var/www/masTODOnt/views/tasks/task.ctp, line 16]
2012-05-23 20:15:58 Notice: Notice (8): Undefined variable: task in [/var/www/masTODOnt/views/tasks/task.ctp, line 19]
2012-05-23 20:15:58 Notice: Notice (8): Undefined variable: task in [/var/www/masTODOnt/views/tasks/task.ctp, line 22]
2012-05-23 20:15:58 Notice: Notice (8): Undefined variable: task in [/var/www/masTODOnt/views/tasks/task.ctp, line 26]
2012-05-23 20:15:58 Notice: Notice (8): Undefined variable: task in [/var/www/masTODOnt/views/tasks/task.ctp, line 34]
2012-05-23 20:15:58 Notice: Notice (8): Undefined variable: task in [/var/www/masTODOnt/views/tasks/task.ctp, line 41]
2012-05-23 20:15:58 Notice: Notice (8): Undefined variable: task in [/var/www/masTODOnt/views/tasks/task.ctp, line 44]
2012-05-23 20:17:48 Notice: Notice (8): Undefined variable: task in [/var/www/masTODOnt/views/tasks/task.ctp, line 1]
2012-05-23 20:17:48 Notice: Notice (8): Undefined variable: task in [/var/www/masTODOnt/views/tasks/task.ctp, line 3]
2012-05-23 20:17:48 Notice: Notice (8): Undefined variable: task in [/var/www/masTODOnt/views/tasks/task.ctp, line 9]
2012-05-23 20:17:48 Notice: Notice (8): Undefined variable: task in [/var/www/masTODOnt/views/tasks/task.ctp, line 10]
2012-05-23 20:17:48 Notice: Notice (8): Undefined variable: task in [/var/www/masTODOnt/views/tasks/task.ctp, line 13]
2012-05-23 20:17:48 Notice: Notice (8): Undefined variable: task in [/var/www/masTODOnt/views/tasks/task.ctp, line 16]
2012-05-23 20:17:48 Notice: Notice (8): Undefined variable: task in [/var/www/masTODOnt/views/tasks/task.ctp, line 19]
2012-05-23 20:17:48 Notice: Notice (8): Undefined variable: task in [/var/www/masTODOnt/views/tasks/task.ctp, line 22]
2012-05-23 20:17:48 Notice: Notice (8): Undefined variable: task in [/var/www/masTODOnt/views/tasks/task.ctp, line 26]
2012-05-23 20:17:48 Notice: Notice (8): Undefined variable: task in [/var/www/masTODOnt/views/tasks/task.ctp, line 34]
2012-05-23 20:17:48 Notice: Notice (8): Undefined variable: task in [/var/www/masTODOnt/views/tasks/task.ctp, line 41]
2012-05-23 20:17:48 Notice: Notice (8): Undefined variable: task in [/var/www/masTODOnt/views/tasks/task.ctp, line 44]
2012-05-23 20:18:00 Notice: Notice (8): Undefined variable: task in [/var/www/masTODOnt/views/tasks/elements/task.ctp, line 1]
2012-05-23 20:18:00 Notice: Notice (8): Undefined variable: task in [/var/www/masTODOnt/views/tasks/elements/task.ctp, line 3]
2012-05-23 20:18:00 Notice: Notice (8): Undefined variable: task in [/var/www/masTODOnt/views/tasks/elements/task.ctp, line 9]
2012-05-23 20:18:00 Notice: Notice (8): Undefined variable: task in [/var/www/masTODOnt/views/tasks/elements/task.ctp, line 10]
2012-05-23 20:18:00 Notice: Notice (8): Undefined variable: task in [/var/www/masTODOnt/views/tasks/elements/task.ctp, line 13]
2012-05-23 20:18:00 Notice: Notice (8): Undefined variable: task in [/var/www/masTODOnt/views/tasks/elements/task.ctp, line 16]
2012-05-23 20:18:00 Notice: Notice (8): Undefined variable: task in [/var/www/masTODOnt/views/tasks/elements/task.ctp, line 19]
2012-05-23 20:18:00 Notice: Notice (8): Undefined variable: task in [/var/www/masTODOnt/views/tasks/elements/task.ctp, line 22]
2012-05-23 20:18:00 Notice: Notice (8): Undefined variable: task in [/var/www/masTODOnt/views/tasks/elements/task.ctp, line 26]
2012-05-23 20:18:00 Notice: Notice (8): Undefined variable: task in [/var/www/masTODOnt/views/tasks/elements/task.ctp, line 34]
2012-05-23 20:18:00 Notice: Notice (8): Undefined variable: task in [/var/www/masTODOnt/views/tasks/elements/task.ctp, line 41]
2012-05-23 20:18:00 Notice: Notice (8): Undefined variable: task in [/var/www/masTODOnt/views/tasks/elements/task.ctp, line 44]
2012-05-23 20:18:17 Notice: Notice (8): Undefined variable: task in [/var/www/masTODOnt/views/elements/task.ctp, line 1]
2012-05-23 20:18:17 Notice: Notice (8): Undefined variable: task in [/var/www/masTODOnt/views/elements/task.ctp, line 3]
2012-05-23 20:18:17 Notice: Notice (8): Undefined variable: task in [/var/www/masTODOnt/views/elements/task.ctp, line 9]
2012-05-23 20:18:17 Notice: Notice (8): Undefined variable: task in [/var/www/masTODOnt/views/elements/task.ctp, line 10]
2012-05-23 20:18:17 Notice: Notice (8): Undefined variable: task in [/var/www/masTODOnt/views/elements/task.ctp, line 13]
2012-05-23 20:18:17 Notice: Notice (8): Undefined variable: task in [/var/www/masTODOnt/views/elements/task.ctp, line 16]
2012-05-23 20:18:17 Notice: Notice (8): Undefined variable: task in [/var/www/masTODOnt/views/elements/task.ctp, line 19]
2012-05-23 20:18:17 Notice: Notice (8): Undefined variable: task in [/var/www/masTODOnt/views/elements/task.ctp, line 22]
2012-05-23 20:18:17 Notice: Notice (8): Undefined variable: task in [/var/www/masTODOnt/views/elements/task.ctp, line 26]
2012-05-23 20:18:17 Notice: Notice (8): Undefined variable: task in [/var/www/masTODOnt/views/elements/task.ctp, line 34]
2012-05-23 20:18:17 Notice: Notice (8): Undefined variable: task in [/var/www/masTODOnt/views/elements/task.ctp, line 41]
2012-05-23 20:18:17 Notice: Notice (8): Undefined variable: task in [/var/www/masTODOnt/views/elements/task.ctp, line 44]
2012-05-23 20:19:23 Notice: Notice (8): Undefined index: id in [/var/www/masTODOnt/views/elements/task.ctp, line 1]
2012-05-23 20:19:23 Notice: Notice (8): Undefined index: id in [/var/www/masTODOnt/views/elements/task.ctp, line 9]
2012-05-23 20:19:23 Notice: Notice (8): Undefined index: id in [/var/www/masTODOnt/views/elements/task.ctp, line 10]
2012-05-23 20:19:23 Notice: Notice (8): Undefined index: name in [/var/www/masTODOnt/views/elements/task.ctp, line 13]
2012-05-23 20:19:23 Notice: Notice (8): Undefined index: id in [/var/www/masTODOnt/views/elements/task.ctp, line 13]
2012-05-23 20:19:23 Notice: Notice (8): Undefined index: created in [/var/www/masTODOnt/views/elements/task.ctp, line 16]
2012-05-23 20:19:23 Notice: Notice (8): Undefined index: deadline in [/var/www/masTODOnt/views/elements/task.ctp, line 19]
2012-05-23 20:19:23 Notice: Notice (8): Undefined index: priority in [/var/www/masTODOnt/views/elements/task.ctp, line 22]
2012-05-23 20:19:23 Notice: Notice (8): Undefined index: Tag in [/var/www/masTODOnt/views/elements/task.ctp, line 26]
2012-05-23 20:19:23 Notice: Notice (8): Undefined index: Context in [/var/www/masTODOnt/views/elements/task.ctp, line 34]
2012-05-23 20:19:23 Notice: Notice (8): Undefined index: id in [/var/www/masTODOnt/views/elements/task.ctp, line 41]
2012-05-23 20:19:23 Notice: Notice (8): Undefined index: id in [/var/www/masTODOnt/views/elements/task.ctp, line 44]
2012-05-23 20:55:47 Notice: Notice (8): Undefined variable: task in [/var/www/masTODOnt/views/elements/task_edit.ctp, line 1]
2012-05-23 20:55:48 Notice: Notice (8): Undefined variable: task in [/var/www/masTODOnt/views/elements/task_edit.ctp, line 1]
2012-05-23 20:55:49 Notice: Notice (8): Undefined variable: task in [/var/www/masTODOnt/views/elements/task_edit.ctp, line 1]
2012-05-23 20:56:01 Notice: Notice (8): Undefined variable: task in [/var/www/masTODOnt/views/elements/task_edit.ctp, line 1]
2012-05-23 21:27:47 Notice: Notice (8): Undefined index: contexts in [/var/www/masTODOnt/views/elements/task_edit.ctp, line 16]
2012-05-23 21:28:19 Notice: Notice (8): Undefined index: contexts in [/var/www/masTODOnt/views/elements/task_edit.ctp, line 16]
2012-05-23 21:30:06 Notice: Notice (8): Undefined index: contexts in [/var/www/masTODOnt/views/elements/task_edit.ctp, line 17]
2012-05-23 21:30:13 Notice: Notice (8): Undefined index: tags in [/var/www/masTODOnt/views/elements/task_edit.ctp, line 15]
2012-05-23 21:30:13 Notice: Notice (8): Undefined index: contexts in [/var/www/masTODOnt/views/elements/task_edit.ctp, line 17]
2012-05-23 21:32:26 Notice: Notice (8): Undefined variable: data in [/var/www/masTODOnt/views/elements/task_edit.ctp, line 29]
2012-05-23 21:59:36 Notice: Notice (8): Undefined variable: javascript in [/var/www/masTODOnt/views/layouts/default.ctp, line 37]
2012-05-23 22:00:04 Notice: Notice (8): Undefined variable: javascript in [/var/www/masTODOnt/views/layouts/default.ctp, line 36]
2012-05-23 22:00:23 Notice: Notice (8): Undefined variable: javascript in [/var/www/masTODOnt/views/layouts/default.ctp, line 36]
2012-05-24 21:30:19 Notice: Notice (8): Undefined variable: javascript in [/var/www/masTODOnt/views/layouts/default.ctp, line 36]
2012-05-24 21:58:26 Notice: Notice (8): Undefined variable: javascript in [/var/www/masTODOnt/views/layouts/default.ctp, line 36]
2012-05-24 21:58:26 Notice: Notice (8): Undefined variable: javascript in [/var/www/masTODOnt/views/layouts/default.ctp, line 36]
2012-05-24 22:58:57 Notice: Notice (8): Undefined variable: javascript in [/var/www/masTODOnt/views/layouts/default.ctp, line 36]
2012-05-25 20:57:46 Notice: Notice (8): Undefined variable: javascript in [/var/www/masTODOnt/views/layouts/default.ctp, line 36]
2012-05-25 21:01:59 Notice: Notice (8): Undefined variable: javascript in [/var/www/masTODOnt/views/layouts/default.ctp, line 36]
2012-05-25 21:05:08 Notice: Notice (8): Undefined variable: javascript in [/var/www/masTODOnt/views/layouts/default.ctp, line 36]
2012-05-25 21:05:49 Notice: Notice (8): Undefined variable: javascript in [/var/www/masTODOnt/views/layouts/default.ctp, line 36]
2012-05-25 21:06:14 Notice: Notice (8): Undefined variable: javascript in [/var/www/masTODOnt/views/layouts/default.ctp, line 36]
2012-05-25 21:07:47 Notice: Notice (8): Undefined variable: javascript in [/var/www/masTODOnt/views/layouts/default.ctp, line 36]
2012-05-25 21:07:53 Notice: Notice (8): Undefined variable: javascript in [/var/www/masTODOnt/views/layouts/default.ctp, line 36]
2012-05-25 21:07:54 Notice: Notice (8): Undefined variable: javascript in [/var/www/masTODOnt/views/layouts/default.ctp, line 36]
2012-05-25 21:08:05 Notice: Notice (8): Undefined variable: javascript in [/var/www/masTODOnt/views/layouts/default.ctp, line 36]
2012-05-25 21:08:42 Notice: Notice (8): Undefined variable: javascript in [/var/www/masTODOnt/views/layouts/default.ctp, line 36]
2012-05-25 21:08:43 Notice: Notice (8): Undefined variable: javascript in [/var/www/masTODOnt/views/layouts/default.ctp, line 36]
2012-05-25 21:18:23 Notice: Notice (8): Undefined variable: javascript in [/var/www/masTODOnt/views/layouts/default.ctp, line 36]
2012-05-25 21:19:09 Notice: Notice (8): Undefined variable: javascript in [/var/www/masTODOnt/views/layouts/default.ctp, line 36]
2012-05-25 21:19:10 Notice: Notice (8): Undefined variable: javascript in [/var/www/masTODOnt/views/layouts/default.ctp, line 36]
2012-05-25 21:20:07 Notice: Notice (8): Undefined variable: javascript in [/var/www/masTODOnt/views/layouts/default.ctp, line 36]
2012-05-25 21:21:58 Notice: Notice (8): Undefined variable: javascript in [/var/www/masTODOnt/views/layouts/default.ctp, line 36]
2012-05-25 21:22:49 Notice: Notice (8): Undefined variable: javascript in [/var/www/masTODOnt/views/layouts/default.ctp, line 36]
2012-05-25 21:22:50 Notice: Notice (8): Undefined variable: javascript in [/var/www/masTODOnt/views/layouts/default.ctp, line 36]
2012-05-25 21:23:01 Notice: Notice (8): Undefined variable: javascript in [/var/www/masTODOnt/views/layouts/default.ctp, line 36]
2012-05-25 21:24:03 Notice: Notice (8): Undefined variable: javascript in [/var/www/masTODOnt/views/layouts/default.ctp, line 36]
2012-05-25 21:24:03 Notice: Notice (8): Undefined variable: javascript in [/var/www/masTODOnt/views/layouts/default.ctp, line 36]
2012-05-25 21:24:03 Notice: Notice (8): Undefined variable: javascript in [/var/www/masTODOnt/views/layouts/default.ctp, line 36]
2012-05-25 21:24:04 Notice: Notice (8): Undefined variable: javascript in [/var/www/masTODOnt/views/layouts/default.ctp, line 36]
2012-05-25 21:24:04 Notice: Notice (8): Undefined variable: javascript in [/var/www/masTODOnt/views/layouts/default.ctp, line 36]
2012-05-25 21:25:10 Notice: Notice (8): Undefined variable: javascript in [/var/www/masTODOnt/views/layouts/default.ctp, line 36]
2012-05-25 21:30:08 Notice: Notice (8): Undefined variable: javascript in [/var/www/masTODOnt/views/layouts/default.ctp, line 36]
2012-05-25 21:30:37 Notice: Notice (8): Undefined variable: javascript in [/var/www/masTODOnt/views/layouts/default.ctp, line 36]
2012-05-25 21:31:12 Notice: Notice (8): Undefined property: View::$Session in [/var/www/masTODOnt/views/layouts/default.ctp, line 53]
2012-05-25 21:32:26 Notice: Notice (8): Undefined variable: javascript in [/var/www/masTODOnt/views/layouts/default.ctp, line 36]
2012-05-25 21:33:30 Notice: Notice (8): Undefined variable: javascript in [/var/www/masTODOnt/views/layouts/default.ctp, line 36]
2012-05-25 22:18:36 Notice: Notice (8): Undefined property: TaskListsController::$List in [/var/www/masTODOnt/controllers/task_lists_controller.php, line 8]
2012-05-25 22:51:19 Notice: Notice (8): Undefined variable: task in [/var/www/masTODOnt/views/elements/list.ctp, line 4]
2012-05-25 22:51:19 Notice: Notice (8): Undefined variable: task in [/var/www/masTODOnt/views/elements/list.ctp, line 7]
2012-05-25 22:51:19 Notice: Notice (8): Undefined variable: task in [/var/www/masTODOnt/views/elements/list.ctp, line 10]
2012-05-25 22:51:19 Notice: Notice (8): Undefined variable: task in [/var/www/masTODOnt/views/elements/list.ctp, line 13]
2012-05-25 22:51:19 Notice: Notice (8): Undefined variable: task in [/var/www/masTODOnt/views/elements/list.ctp, line 17]
2012-05-25 22:51:19 Notice: Notice (8): Undefined variable: task in [/var/www/masTODOnt/views/elements/list.ctp, line 25]
2012-05-25 22:51:19 Notice: Notice (8): Undefined variable: task in [/var/www/masTODOnt/views/elements/list.ctp, line 32]
2012-05-25 22:51:19 Notice: Notice (8): Undefined variable: task in [/var/www/masTODOnt/views/elements/list.ctp, line 33]
2012-05-25 22:51:19 Notice: Notice (8): Undefined variable: task in [/var/www/masTODOnt/views/elements/list.ctp, line 36]
2012-05-25 22:51:50 Notice: Notice (8): Undefined variable: task in [/var/www/masTODOnt/views/elements/list.ctp, line 4]
2012-05-25 22:51:50 Notice: Notice (8): Undefined variable: task in [/var/www/masTODOnt/views/elements/list.ctp, line 7]
2012-05-25 22:51:50 Notice: Notice (8): Undefined variable: task in [/var/www/masTODOnt/views/elements/list.ctp, line 10]
2012-05-25 22:51:50 Notice: Notice (8): Undefined variable: task in [/var/www/masTODOnt/views/elements/list.ctp, line 13]
2012-05-25 22:51:50 Notice: Notice (8): Undefined variable: task in [/var/www/masTODOnt/views/elements/list.ctp, line 17]
2012-05-25 22:51:50 Notice: Notice (8): Undefined variable: task in [/var/www/masTODOnt/views/elements/list.ctp, line 25]
2012-05-25 22:51:50 Notice: Notice (8): Undefined variable: task in [/var/www/masTODOnt/views/elements/list.ctp, line 32]
2012-05-25 22:51:50 Notice: Notice (8): Undefined variable: task in [/var/www/masTODOnt/views/elements/list.ctp, line 33]
2012-05-25 22:51:50 Notice: Notice (8): Undefined variable: task in [/var/www/masTODOnt/views/elements/list.ctp, line 36]
2012-05-25 22:51:59 Notice: Notice (8): Undefined variable: task in [/var/www/masTODOnt/views/elements/list.ctp, line 7]
2012-05-25 22:51:59 Notice: Notice (8): Undefined variable: task in [/var/www/masTODOnt/views/elements/list.ctp, line 10]
2012-05-25 22:51:59 Notice: Notice (8): Undefined variable: task in [/var/www/masTODOnt/views/elements/list.ctp, line 13]
2012-05-25 22:51:59 Notice: Notice (8): Undefined variable: task in [/var/www/masTODOnt/views/elements/list.ctp, line 17]
2012-05-25 22:51:59 Notice: Notice (8): Undefined variable: task in [/var/www/masTODOnt/views/elements/list.ctp, line 25]
2012-05-25 22:51:59 Notice: Notice (8): Undefined variable: task in [/var/www/masTODOnt/views/elements/list.ctp, line 32]
2012-05-25 22:51:59 Notice: Notice (8): Undefined variable: task in [/var/www/masTODOnt/views/elements/list.ctp, line 33]
2012-05-25 22:51:59 Notice: Notice (8): Undefined variable: task in [/var/www/masTODOnt/views/elements/list.ctp, line 36]
2012-05-25 23:04:14 Notice: Notice (8): Undefined index: Parentd in [/var/www/masTODOnt/views/elements/list.ctp, line 27]
2012-05-25 23:07:55 Notice: Notice (8): Undefined index: Parent in [/var/www/masTODOnt/views/elements/list.ctp, line 28]
2012-05-25 23:08:16 Notice: Notice (8): Undefined index: Parent in [/var/www/masTODOnt/views/elements/list.ctp, line 29]
2012-05-25 23:09:27 Notice: Notice (8): Undefined index: Parent in [/var/www/masTODOnt/views/elements/list.ctp, line 29]
2012-05-25 23:22:00 Notice: Notice (8): Undefined index: name in [/var/www/masTODOnt/views/elements/list.ctp, line 29]
2012-05-25 23:22:16 Notice: Notice (8): Undefined index: Tag in [/var/www/masTODOnt/views/elements/list.ctp, line 11]
2012-05-25 23:22:16 Notice: Notice (8): Undefined index: Context in [/var/www/masTODOnt/views/elements/list.ctp, line 19]
2012-05-25 23:22:16 Notice: Notice (8): Undefined index: Parent in [/var/www/masTODOnt/views/elements/list.ctp, line 29]
2012-05-25 23:22:18 Notice: Notice (8): Undefined index: Parent in [/var/www/masTODOnt/views/elements/list.ctp, line 29]
2012-05-25 23:25:38 Notice: Notice (8): Undefined index: Parent in [/var/www/masTODOnt/views/elements/list.ctp, line 29]
2012-05-26 00:13:16 Notice: Notice (8): Undefined index: Tag in [/var/www/masTODOnt/views/elements/list.ctp, line 11]
2012-05-26 00:13:16 Notice: Notice (8): Undefined index: Context in [/var/www/masTODOnt/views/elements/list.ctp, line 19]
2012-05-26 00:15:10 Notice: Notice (8): Undefined index: TaskList in [/var/www/masTODOnt/views/task_lists/view.ctp, line 1]
2012-05-26 00:16:13 Notice: Notice (8): Undefined index: TaskList in [/var/www/masTODOnt/views/task_lists/view.ctp, line 1]
2012-05-26 00:18:25 Notice: Notice (8): Undefined index: parent in [/var/www/masTODOnt/views/task_lists/view.ctp, line 5]
2012-05-26 00:31:31 Notice: Notice (8): Undefined variable: listId in [/var/www/masTODOnt/views/elements/list_edit.ctp, line 26]
2012-05-26 00:32:02 Notice: Notice (8): Undefined variable: listId in [/var/www/masTODOnt/views/elements/list_edit.ctp, line 26]
2012-05-26 00:32:56 Notice: Notice (8): Undefined variable: listId in [/var/www/masTODOnt/views/elements/list_edit.ctp, line 26]
2012-05-26 00:34:36 Notice: Notice (8): Undefined index: Task in [/var/www/masTODOnt/controllers/task_lists_controller.php, line 93]
2012-05-26 00:34:36 Notice: Notice (8): Undefined index: Task in [/var/www/masTODOnt/controllers/task_lists_controller.php, line 119]
2012-05-27 14:13:16 Notice: Notice (8): Undefined variable: label in [/var/www/masTODOnt/controllers/task_lists_controller.php, line 103]
2012-05-27 14:13:24 Notice: Notice (8): Undefined variable: label in [/var/www/masTODOnt/controllers/task_lists_controller.php, line 103]
