2012-05-09 22:30:52 Warning: Warning (2): preg_match() [http://php.net/function.preg-match]: Delimiter must not be alphanumeric or backslash in [/usr/share/php/cake/libs/model/model.php, line 2611]
2012-05-09 22:31:30 Warning: Warning (2): preg_match() [http://php.net/function.preg-match]: Delimiter must not be alphanumeric or backslash in [/usr/share/php/cake/libs/model/model.php, line 2611]
2012-05-09 22:31:40 Warning: Warning (2): preg_match() [http://php.net/function.preg-match]: Delimiter must not be alphanumeric or backslash in [/usr/share/php/cake/libs/model/model.php, line 2611]
2012-05-09 22:32:16 Warning: Warning (2): preg_match() [http://php.net/function.preg-match]: Delimiter must not be alphanumeric or backslash in [/usr/share/php/cake/libs/model/model.php, line 2611]
2012-05-09 22:33:00 Warning: Warning (2): preg_match() [http://php.net/function.preg-match]: Delimiter must not be alphanumeric or backslash in [/usr/share/php/cake/libs/model/model.php, line 2611]
2012-05-09 22:34:20 Warning: Warning (2): preg_match() [http://php.net/function.preg-match]: Delimiter must not be alphanumeric or backslash in [/usr/share/php/cake/libs/model/model.php, line 2611]
2012-05-09 22:38:32 Warning: Warning (512): <span style="color:Red;text-align:left"><b>SQL Error:</b> 1064: You have an error in your SQL syntax; check the manual that corresponds to your MySQL server version for the right syntax to use near 'del' at line 1</span> in [/usr/share/php/cake/libs/model/datasources/dbo_source.php, line 684]
2012-05-09 22:43:06 Warning: Warning (512): <span style="color:Red;text-align:left"><b>SQL Error:</b> 1064: You have an error in your SQL syntax; check the manual that corresponds to your MySQL server version for the right syntax to use near 'del' at line 1</span> in [/usr/share/php/cake/libs/model/datasources/dbo_source.php, line 684]
2012-05-09 22:43:13 Warning: Warning (512): <span style="color:Red;text-align:left"><b>SQL Error:</b> 1064: You have an error in your SQL syntax; check the manual that corresponds to your MySQL server version for the right syntax to use near 'del' at line 1</span> in [/usr/share/php/cake/libs/model/datasources/dbo_source.php, line 684]
2012-05-09 22:44:06 Warning: Warning (512): <span style="color:Red;text-align:left"><b>SQL Error:</b> 1064: You have an error in your SQL syntax; check the manual that corresponds to your MySQL server version for the right syntax to use near 'del' at line 1</span> in [/usr/share/php/cake/libs/model/datasources/dbo_source.php, line 684]
2012-05-10 22:11:55 Warning: Warning (512): <span style="color:Red;text-align:left"><b>SQL Error:</b> 1054: Unknown column 'TasksTags.tags_id' in 'on clause'</span> in [/usr/share/php/cake/libs/model/datasources/dbo_source.php, line 684]
2012-05-12 22:05:49 Warning: Warning (512): <span style="color:Red;text-align:left"><b>SQL Error:</b> 1048: Column 'priority' cannot be null</span> in [/usr/share/php/cake/libs/model/datasources/dbo_source.php, line 684]
2012-05-12 22:35:29 Warning: Warning (512): <span style="color:Red;text-align:left"><b>SQL Error:</b> 1054: Unknown column 'Task.id' in 'where clause'</span> in [/usr/share/php/cake/libs/model/datasources/dbo_source.php, line 684]
2012-05-12 22:35:31 Warning: Warning (512): <span style="color:Red;text-align:left"><b>SQL Error:</b> 1054: Unknown column 'Task.id' in 'where clause'</span> in [/usr/share/php/cake/libs/model/datasources/dbo_source.php, line 684]
2012-05-12 22:35:33 Warning: Warning (512): <span style="color:Red;text-align:left"><b>SQL Error:</b> 1054: Unknown column 'Task.id' in 'where clause'</span> in [/usr/share/php/cake/libs/model/datasources/dbo_source.php, line 684]
2012-05-12 22:35:36 Warning: Warning (512): <span style="color:Red;text-align:left"><b>SQL Error:</b> 1054: Unknown column 'Task.id' in 'where clause'</span> in [/usr/share/php/cake/libs/model/datasources/dbo_source.php, line 684]
2012-05-12 22:35:37 Warning: Warning (512): <span style="color:Red;text-align:left"><b>SQL Error:</b> 1054: Unknown column 'Task.id' in 'where clause'</span> in [/usr/share/php/cake/libs/model/datasources/dbo_source.php, line 684]
2012-05-12 22:36:12 Warning: Warning (512): <span style="color:Red;text-align:left"><b>SQL Error:</b> 1054: Unknown column 'Task.id' in 'where clause'</span> in [/usr/share/php/cake/libs/model/datasources/dbo_source.php, line 684]
2012-05-12 22:36:17 Warning: Warning (512): <span style="color:Red;text-align:left"><b>SQL Error:</b> 1054: Unknown column 'Task.id' in 'where clause'</span> in [/usr/share/php/cake/libs/model/datasources/dbo_source.php, line 684]
2012-05-12 22:36:38 Warning: Warning (512): <span style="color:Red;text-align:left"><b>SQL Error:</b> 1054: Unknown column 'Task.id' in 'where clause'</span> in [/usr/share/php/cake/libs/model/datasources/dbo_source.php, line 684]
2012-05-12 22:43:25 Warning: Warning (512): <span style="color:Red;text-align:left"><b>SQL Error:</b> 1054: Unknown column 'Task.id' in 'where clause'</span> in [/usr/share/php/cake/libs/model/datasources/dbo_source.php, line 684]
2012-05-12 22:43:30 Warning: Warning (512): <span style="color:Red;text-align:left"><b>SQL Error:</b> 1054: Unknown column 'Task.id' in 'where clause'</span> in [/usr/share/php/cake/libs/model/datasources/dbo_source.php, line 684]
2012-05-12 22:44:37 Warning: Warning (512): <span style="color:Red;text-align:left"><b>SQL Error:</b> 1054: Unknown column 'Task.tag_id' in 'where clause'</span> in [/usr/share/php/cake/libs/model/datasources/dbo_source.php, line 684]
2012-05-12 22:44:53 Warning: Warning (512): <span style="color:Red;text-align:left"><b>SQL Error:</b> 1054: Unknown column 'Tag.task_id' in 'where clause'</span> in [/usr/share/php/cake/libs/model/datasources/dbo_source.php, line 684]
2012-05-12 22:47:44 Warning: Warning (512): <span style="color:Red;text-align:left"><b>SQL Error:</b> 1054: Unknown column 'Tag.task_id' in 'where clause'</span> in [/usr/share/php/cake/libs/model/datasources/dbo_source.php, line 684]
2012-05-12 22:47:59 Warning: Warning (512): <span style="color:Red;text-align:left"><b>SQL Error:</b> 1054: Unknown column 'Tag.task_id' in 'where clause'</span> in [/usr/share/php/cake/libs/model/datasources/dbo_source.php, line 684]
2012-05-12 22:48:12 Warning: Warning (512): <span style="color:Red;text-align:left"><b>SQL Error:</b> 1054: Unknown column 'Tag.task_id' in 'where clause'</span> in [/usr/share/php/cake/libs/model/datasources/dbo_source.php, line 684]
2012-05-12 22:53:05 Warning: Warning (512): <span style="color:Red;text-align:left"><b>SQL Error:</b> 1054: Unknown column 'task_id' in 'where clause'</span> in [/usr/share/php/cake/libs/model/datasources/dbo_source.php, line 684]
2012-05-12 22:53:30 Warning: Warning (512): <span style="color:Red;text-align:left"><b>SQL Error:</b> 1054: Unknown column 'tasks_id' in 'where clause'</span> in [/usr/share/php/cake/libs/model/datasources/dbo_source.php, line 684]
2012-05-12 22:57:40 Warning: Warning (512): <span style="color:Red;text-align:left"><b>SQL Error:</b> 1064: You have an error in your SQL syntax; check the manual that corresponds to your MySQL server version for the right syntax to use near 'findAll' at line 1</span> in [/usr/share/php/cake/libs/model/datasources/dbo_source.php, line 684]
2012-05-12 22:57:44 Warning: Warning (512): <span style="color:Red;text-align:left"><b>SQL Error:</b> 1064: You have an error in your SQL syntax; check the manual that corresponds to your MySQL server version for the right syntax to use near 'findAll' at line 1</span> in [/usr/share/php/cake/libs/model/datasources/dbo_source.php, line 684]
2012-05-12 22:59:08 Warning: Warning (512): <span style="color:Red;text-align:left"><b>SQL Error:</b> 1054: Unknown column 'Task.id' in 'where clause'</span> in [/usr/share/php/cake/libs/model/datasources/dbo_source.php, line 684]
2012-05-12 23:03:54 Warning: Warning (512): <span style="color:Red;text-align:left"><b>SQL Error:</b> 1054: Unknown column 'Task.id' in 'where clause'</span> in [/usr/share/php/cake/libs/model/datasources/dbo_source.php, line 684]
2012-05-12 23:04:13 Warning: Warning (512): <span style="color:Red;text-align:left"><b>SQL Error:</b> 1064: You have an error in your SQL syntax; check the manual that corresponds to your MySQL server version for the right syntax to use near 'findAll' at line 1</span> in [/usr/share/php/cake/libs/model/datasources/dbo_source.php, line 684]
2012-05-12 23:04:22 Warning: Warning (512): <span style="color:Red;text-align:left"><b>SQL Error:</b> 1064: You have an error in your SQL syntax; check the manual that corresponds to your MySQL server version for the right syntax to use near 'findAll' at line 1</span> in [/usr/share/php/cake/libs/model/datasources/dbo_source.php, line 684]
2012-05-12 23:07:15 Warning: Warning (512): <span style="color:Red;text-align:left"><b>SQL Error:</b> 1054: Unknown column 'task_id' in 'where clause'</span> in [/usr/share/php/cake/libs/model/datasources/dbo_source.php, line 684]
2012-05-12 23:07:48 Warning: Warning (512): <span style="color:Red;text-align:left"><b>SQL Error:</b> 1054: Unknown column 'task_id' in 'where clause'</span> in [/usr/share/php/cake/libs/model/datasources/dbo_source.php, line 684]
2012-05-12 23:17:27 Warning: Warning (512): <span style="color:Red;text-align:left"><b>SQL Error:</b> 1054: Unknown column 'Tag.task_id' in 'where clause'</span> in [/usr/share/php/cake/libs/model/datasources/dbo_source.php, line 684]
2012-05-12 23:17:31 Warning: Warning (512): <span style="color:Red;text-align:left"><b>SQL Error:</b> 1054: Unknown column 'Tag.task_id' in 'where clause'</span> in [/usr/share/php/cake/libs/model/datasources/dbo_source.php, line 684]
2012-05-12 23:18:34 Warning: Warning (512): <span style="color:Red;text-align:left"><b>SQL Error:</b> 1054: Unknown column 'task_id' in 'where clause'</span> in [/usr/share/php/cake/libs/model/datasources/dbo_source.php, line 684]
2012-05-12 23:22:20 Warning: Warning (512): <span style="color:Red;text-align:left"><b>SQL Error:</b> 1064: You have an error in your SQL syntax; check the manual that corresponds to your MySQL server version for the right syntax to use near 'contain' at line 1</span> in [/usr/share/php/cake/libs/model/datasources/dbo_source.php, line 684]
2012-05-12 23:22:20 Warning: Warning (512): <span style="color:Red;text-align:left"><b>SQL Error:</b> 1051: Unknown table 'Tag'</span> in [/usr/share/php/cake/libs/model/datasources/dbo_source.php, line 684]
2012-05-12 23:22:20 Warning: Warning (2): Cannot modify header information - headers already sent by (output started at /usr/share/php/cake/libs/debugger.php:673) in [/usr/share/php/cake/libs/controller/controller.php, line 742]
2012-05-12 23:23:58 Warning: Warning (512): <span style="color:Red;text-align:left"><b>SQL Error:</b> 1064: You have an error in your SQL syntax; check the manual that corresponds to your MySQL server version for the right syntax to use near 'contain' at line 1</span> in [/usr/share/php/cake/libs/model/datasources/dbo_source.php, line 684]
2012-05-12 23:23:58 Warning: Warning (512): <span style="color:Red;text-align:left"><b>SQL Error:</b> 1051: Unknown table 'Tag'</span> in [/usr/share/php/cake/libs/model/datasources/dbo_source.php, line 684]
2012-05-12 23:23:58 Warning: Warning (2): Cannot modify header information - headers already sent by (output started at /usr/share/php/cake/libs/debugger.php:673) in [/usr/share/php/cake/libs/controller/controller.php, line 742]
2012-05-12 23:25:33 Warning: Warning (512): <span style="color:Red;text-align:left"><b>SQL Error:</b> 1064: You have an error in your SQL syntax; check the manual that corresponds to your MySQL server version for the right syntax to use near 'contain' at line 1</span> in [/usr/share/php/cake/libs/model/datasources/dbo_source.php, line 684]
2012-05-12 23:25:33 Warning: Warning (512): <span style="color:Red;text-align:left"><b>SQL Error:</b> 1051: Unknown table 'Tag'</span> in [/usr/share/php/cake/libs/model/datasources/dbo_source.php, line 684]
2012-05-12 23:25:33 Warning: Warning (2): Cannot modify header information - headers already sent by (output started at /usr/share/php/cake/libs/debugger.php:673) in [/usr/share/php/cake/libs/controller/controller.php, line 742]
2012-05-12 23:25:44 Warning: Warning (512): <span style="color:Red;text-align:left"><b>SQL Error:</b> 1064: You have an error in your SQL syntax; check the manual that corresponds to your MySQL server version for the right syntax to use near 'contain' at line 1</span> in [/usr/share/php/cake/libs/model/datasources/dbo_source.php, line 684]
2012-05-12 23:25:44 Warning: Warning (512): <span style="color:Red;text-align:left"><b>SQL Error:</b> 1051: Unknown table 'Tags'</span> in [/usr/share/php/cake/libs/model/datasources/dbo_source.php, line 684]
2012-05-12 23:25:44 Warning: Warning (2): Cannot modify header information - headers already sent by (output started at /usr/share/php/cake/libs/debugger.php:673) in [/usr/share/php/cake/libs/controller/controller.php, line 742]
2012-05-12 23:31:59 Warning: Warning (512): <span style="color:Red;text-align:left"><b>SQL Error:</b> 1064: You have an error in your SQL syntax; check the manual that corresponds to your MySQL server version for the right syntax to use near 'contain' at line 1</span> in [/usr/share/php/cake/libs/model/datasources/dbo_source.php, line 684]
2012-05-12 23:31:59 Warning: Warning (512): <span style="color:Red;text-align:left"><b>SQL Error:</b> 1051: Unknown table 'Tags'</span> in [/usr/share/php/cake/libs/model/datasources/dbo_source.php, line 684]
2012-05-12 23:31:59 Warning: Warning (2): Cannot modify header information - headers already sent by (output started at /usr/share/php/cake/libs/debugger.php:673) in [/usr/share/php/cake/libs/controller/controller.php, line 742]
2012-05-12 23:32:09 Warning: Warning (512): <span style="color:Red;text-align:left"><b>SQL Error:</b> 1064: You have an error in your SQL syntax; check the manual that corresponds to your MySQL server version for the right syntax to use near 'contain' at line 1</span> in [/usr/share/php/cake/libs/model/datasources/dbo_source.php, line 684]
2012-05-12 23:32:09 Warning: Warning (512): <span style="color:Red;text-align:left"><b>SQL Error:</b> 1051: Unknown table 'Tags'</span> in [/usr/share/php/cake/libs/model/datasources/dbo_source.php, line 684]
2012-05-12 23:32:09 Warning: Warning (2): Cannot modify header information - headers already sent by (output started at /usr/share/php/cake/libs/debugger.php:673) in [/usr/share/php/cake/libs/controller/controller.php, line 742]
2012-05-12 23:33:01 Warning: Warning (512): <span style="color:Red;text-align:left"><b>SQL Error:</b> 1064: You have an error in your SQL syntax; check the manual that corresponds to your MySQL server version for the right syntax to use near 'contain' at line 1</span> in [/usr/share/php/cake/libs/model/datasources/dbo_source.php, line 684]
2012-05-12 23:33:01 Warning: Warning (512): <span style="color:Red;text-align:left"><b>SQL Error:</b> 1051: Unknown table 'tags'</span> in [/usr/share/php/cake/libs/model/datasources/dbo_source.php, line 684]
2012-05-12 23:33:01 Warning: Warning (2): Cannot modify header information - headers already sent by (output started at /usr/share/php/cake/libs/debugger.php:673) in [/usr/share/php/cake/libs/controller/controller.php, line 742]
2012-05-12 23:33:47 Warning: Warning (512): <span style="color:Red;text-align:left"><b>SQL Error:</b> 1064: You have an error in your SQL syntax; check the manual that corresponds to your MySQL server version for the right syntax to use near 'contain' at line 1</span> in [/usr/share/php/cake/libs/model/datasources/dbo_source.php, line 684]
2012-05-12 23:33:47 Warning: Warning (512): <span style="color:Red;text-align:left"><b>SQL Error:</b> 1054: Unknown column 'tags_tasks.task_id' in 'where clause'</span> in [/usr/share/php/cake/libs/model/datasources/dbo_source.php, line 684]
2012-05-12 23:33:47 Warning: Warning (2): Cannot modify header information - headers already sent by (output started at /usr/share/php/cake/libs/debugger.php:673) in [/usr/share/php/cake/libs/controller/controller.php, line 742]
2012-05-12 23:44:32 Warning: Warning (512): <span style="color:Red;text-align:left"><b>SQL Error:</b> 1064: You have an error in your SQL syntax; check the manual that corresponds to your MySQL server version for the right syntax to use near 'contain' at line 1</span> in [/usr/share/php/cake/libs/model/datasources/dbo_source.php, line 684]
2012-05-12 23:46:00 Warning: Warning (512): <span style="color:Red;text-align:left"><b>SQL Error:</b> 1064: You have an error in your SQL syntax; check the manual that corresponds to your MySQL server version for the right syntax to use near 'contain' at line 1</span> in [/usr/share/php/cake/libs/model/datasources/dbo_source.php, line 684]
2012-05-12 23:46:09 Warning: Warning (512): <span style="color:Red;text-align:left"><b>SQL Error:</b> 1064: You have an error in your SQL syntax; check the manual that corresponds to your MySQL server version for the right syntax to use near 'contain' at line 1</span> in [/usr/share/php/cake/libs/model/datasources/dbo_source.php, line 684]
2012-05-23 19:51:45 Warning: Warning (512): Method HtmlHelper::charsetTag does not exist in [/usr/share/php/cake/libs/view/helper.php, line 154]
2012-05-23 19:51:45 Warning: Warning (512): Method HtmlHelper::charsetTag does not exist in [/usr/share/php/cake/libs/view/helper.php, line 154]
2012-05-23 19:51:45 Warning: Warning (512): Method HtmlHelper::charsetTag does not exist in [/usr/share/php/cake/libs/view/helper.php, line 154]
2012-05-23 19:51:58 Warning: Warning (512): Method HtmlHelper::charsetTag does not exist in [/usr/share/php/cake/libs/view/helper.php, line 154]
2012-05-23 19:52:07 Warning: Warning (512): Method HtmlHelper::charsetTag does not exist in [/usr/share/php/cake/libs/view/helper.php, line 154]
2012-05-23 19:55:50 Warning: Warning (512): Method HtmlHelper::charsetTag does not exist in [/usr/share/php/cake/libs/view/helper.php, line 154]
2012-05-23 19:55:50 Warning: Warning (512): Method HtmlHelper::charsetTag does not exist in [/usr/share/php/cake/libs/view/helper.php, line 154]
2012-05-23 19:55:50 Warning: Warning (512): Method HtmlHelper::charsetTag does not exist in [/usr/share/php/cake/libs/view/helper.php, line 154]
2012-05-23 19:55:51 Warning: Warning (512): Method HtmlHelper::charsetTag does not exist in [/usr/share/php/cake/libs/view/helper.php, line 154]
2012-05-23 19:55:51 Warning: Warning (512): Method HtmlHelper::charsetTag does not exist in [/usr/share/php/cake/libs/view/helper.php, line 154]
2012-05-23 19:55:51 Warning: Warning (512): Method HtmlHelper::charsetTag does not exist in [/usr/share/php/cake/libs/view/helper.php, line 154]
2012-05-23 19:55:59 Warning: Warning (512): Method HtmlHelper::charsetTag does not exist in [/usr/share/php/cake/libs/view/helper.php, line 154]
2012-05-23 19:56:14 Warning: Warning (512): Method HtmlHelper::charsetTag does not exist in [/usr/share/php/cake/libs/view/helper.php, line 154]
2012-05-23 19:56:40 Warning: Warning (512): Method HtmlHelper::charsetTag does not exist in [/usr/share/php/cake/libs/view/helper.php, line 154]
2012-05-23 19:56:40 Warning: Warning (512): Method HtmlHelper::charsetTag does not exist in [/usr/share/php/cake/libs/view/helper.php, line 154]
2012-05-23 19:56:40 Warning: Warning (512): Method HtmlHelper::charsetTag does not exist in [/usr/share/php/cake/libs/view/helper.php, line 154]
2012-05-23 19:57:36 Warning: Warning (512): Method HtmlHelper::charsetTag does not exist in [/usr/share/php/cake/libs/view/helper.php, line 154]
2012-05-23 19:57:47 Warning: Warning (512): Method HtmlHelper::charsetTag does not exist in [/usr/share/php/cake/libs/view/helper.php, line 154]
2012-05-23 19:57:48 Warning: Warning (512): Method HtmlHelper::charsetTag does not exist in [/usr/share/php/cake/libs/view/helper.php, line 154]
2012-05-23 19:58:04 Warning: Warning (512): Method HtmlHelper::charsetTag does not exist in [/usr/share/php/cake/libs/view/helper.php, line 154]
2012-05-23 19:58:06 Warning: Warning (512): Method HtmlHelper::charsetTag does not exist in [/usr/share/php/cake/libs/view/helper.php, line 154]
2012-05-23 19:58:12 Warning: Warning (512): Method HtmlHelper::charsetTag does not exist in [/usr/share/php/cake/libs/view/helper.php, line 154]
2012-05-23 19:58:17 Warning: Warning (512): Method HtmlHelper::charsetTag does not exist in [/usr/share/php/cake/libs/view/helper.php, line 154]
2012-05-23 19:58:22 Warning: Warning (512): Method HtmlHelper::charsetTag does not exist in [/usr/share/php/cake/libs/view/helper.php, line 154]
2012-05-23 20:02:42 Warning: Warning (512): Method HtmlHelper::charsetTag does not exist in [/usr/share/php/cake/libs/view/helper.php, line 154]
2012-05-23 20:03:09 Warning: Warning (512): Method HtmlHelper::charsetTag does not exist in [/usr/share/php/cake/libs/view/helper.php, line 154]
2012-05-23 20:03:18 Warning: Warning (512): Method HtmlHelper::charsetTag does not exist in [/usr/share/php/cake/libs/view/helper.php, line 154]
2012-05-23 20:03:29 Warning: Warning (512): Method HtmlHelper::charsetTag does not exist in [/usr/share/php/cake/libs/view/helper.php, line 154]
2012-05-23 20:03:31 Warning: Warning (512): Method HtmlHelper::charsetTag does not exist in [/usr/share/php/cake/libs/view/helper.php, line 154]
2012-05-23 20:03:46 Warning: Warning (512): Method HtmlHelper::charsetTag does not exist in [/usr/share/php/cake/libs/view/helper.php, line 154]
2012-05-23 20:03:50 Warning: Warning (512): Method HtmlHelper::charsetTag does not exist in [/usr/share/php/cake/libs/view/helper.php, line 154]
2012-05-23 20:04:10 Warning: Warning (512): Method HtmlHelper::charsetTag does not exist in [/usr/share/php/cake/libs/view/helper.php, line 154]
2012-05-23 20:09:08 Warning: Warning (512): Method HtmlHelper::charsetTag does not exist in [/usr/share/php/cake/libs/view/helper.php, line 154]
2012-05-23 20:10:54 Warning: Warning (512): Method HtmlHelper::charsetTag does not exist in [/usr/share/php/cake/libs/view/helper.php, line 154]
2012-05-23 20:10:57 Warning: Warning (512): Method HtmlHelper::charsetTag does not exist in [/usr/share/php/cake/libs/view/helper.php, line 154]
2012-05-23 20:12:28 Warning: Warning (512): Method HtmlHelper::charsetTag does not exist in [/usr/share/php/cake/libs/view/helper.php, line 154]
2012-05-23 20:12:29 Warning: Warning (512): Method HtmlHelper::charsetTag does not exist in [/usr/share/php/cake/libs/view/helper.php, line 154]
2012-05-23 20:12:30 Warning: Warning (512): Method HtmlHelper::charsetTag does not exist in [/usr/share/php/cake/libs/view/helper.php, line 154]
2012-05-23 20:12:30 Warning: Warning (512): Method HtmlHelper::charsetTag does not exist in [/usr/share/php/cake/libs/view/helper.php, line 154]
2012-05-23 20:14:27 Warning: Warning (512): Method HtmlHelper::charsetTag does not exist in [/usr/share/php/cake/libs/view/helper.php, line 154]
2012-05-23 20:15:14 Warning: Warning (512): Method HtmlHelper::charsetTag does not exist in [/usr/share/php/cake/libs/view/helper.php, line 154]
2012-05-23 20:15:15 Warning: Warning (512): Method HtmlHelper::charsetTag does not exist in [/usr/share/php/cake/libs/view/helper.php, line 154]
2012-05-23 20:15:16 Warning: Warning (512): Method HtmlHelper::charsetTag does not exist in [/usr/share/php/cake/libs/view/helper.php, line 154]
2012-05-23 20:15:16 Warning: Warning (512): Method HtmlHelper::charsetTag does not exist in [/usr/share/php/cake/libs/view/helper.php, line 154]
2012-05-23 20:15:39 Warning: Warning (512): Method HtmlHelper::charsetTag does not exist in [/usr/share/php/cake/libs/view/helper.php, line 154]
2012-05-23 20:15:44 Warning: Warning (512): Method HtmlHelper::charsetTag does not exist in [/usr/share/php/cake/libs/view/helper.php, line 154]
2012-05-23 20:15:50 Warning: Warning (512): Method HtmlHelper::charsetTag does not exist in [/usr/share/php/cake/libs/view/helper.php, line 154]
2012-05-23 20:15:55 Warning: Warning (512): Method HtmlHelper::charsetTag does not exist in [/usr/share/php/cake/libs/view/helper.php, line 154]
2012-05-23 20:15:58 Warning: Warning (2): Invalid argument supplied for foreach() in [/var/www/masTODOnt/views/tasks/task.ctp, line 26]
2012-05-23 20:15:58 Warning: Warning (2): Invalid argument supplied for foreach() in [/var/www/masTODOnt/views/tasks/task.ctp, line 34]
2012-05-23 20:17:18 Warning: Warning (512): Method HtmlHelper::charsetTag does not exist in [/usr/share/php/cake/libs/view/helper.php, line 154]
2012-05-23 20:17:47 Warning: Warning (512): Method HtmlHelper::charsetTag does not exist in [/usr/share/php/cake/libs/view/helper.php, line 154]
2012-05-23 20:17:48 Warning: Warning (2): Invalid argument supplied for foreach() in [/var/www/masTODOnt/views/tasks/task.ctp, line 26]
2012-05-23 20:17:48 Warning: Warning (2): Invalid argument supplied for foreach() in [/var/www/masTODOnt/views/tasks/task.ctp, line 34]
2012-05-23 20:17:59 Warning: Warning (512): Method HtmlHelper::charsetTag does not exist in [/usr/share/php/cake/libs/view/helper.php, line 154]
2012-05-23 20:18:00 Warning: Warning (2): Invalid argument supplied for foreach() in [/var/www/masTODOnt/views/tasks/elements/task.ctp, line 26]
2012-05-23 20:18:00 Warning: Warning (2): Invalid argument supplied for foreach() in [/var/www/masTODOnt/views/tasks/elements/task.ctp, line 34]
2012-05-23 20:18:16 Warning: Warning (512): Method HtmlHelper::charsetTag does not exist in [/usr/share/php/cake/libs/view/helper.php, line 154]
2012-05-23 20:18:17 Warning: Warning (2): Invalid argument supplied for foreach() in [/var/www/masTODOnt/views/elements/task.ctp, line 26]
2012-05-23 20:18:17 Warning: Warning (2): Invalid argument supplied for foreach() in [/var/www/masTODOnt/views/elements/task.ctp, line 34]
2012-05-23 20:19:22 Warning: Warning (512): Method HtmlHelper::charsetTag does not exist in [/usr/share/php/cake/libs/view/helper.php, line 154]
2012-05-23 20:19:23 Warning: Warning (2): Invalid argument supplied for foreach() in [/var/www/masTODOnt/views/elements/task.ctp, line 26]
2012-05-23 20:19:23 Warning: Warning (2): Invalid argument supplied for foreach() in [/var/www/masTODOnt/views/elements/task.ctp, line 34]
2012-05-23 20:20:45 Warning: Warning (512): Method HtmlHelper::charsetTag does not exist in [/usr/share/php/cake/libs/view/helper.php, line 154]
2012-05-23 20:20:50 Warning: Warning (512): Method HtmlHelper::charsetTag does not exist in [/usr/share/php/cake/libs/view/helper.php, line 154]
2012-05-23 20:20:54 Warning: Warning (512): Method HtmlHelper::charsetTag does not exist in [/usr/share/php/cake/libs/view/helper.php, line 154]
2012-05-23 20:20:58 Warning: Warning (512): Method HtmlHelper::charsetTag does not exist in [/usr/share/php/cake/libs/view/helper.php, line 154]
2012-05-23 20:21:57 Warning: Warning (512): Method HtmlHelper::charsetTag does not exist in [/usr/share/php/cake/libs/view/helper.php, line 154]
2012-05-23 20:22:02 Warning: Warning (512): Method HtmlHelper::charsetTag does not exist in [/usr/share/php/cake/libs/view/helper.php, line 154]
2012-05-23 20:22:06 Warning: Warning (512): Method HtmlHelper::charsetTag does not exist in [/usr/share/php/cake/libs/view/helper.php, line 154]
2012-05-23 20:22:09 Warning: Warning (512): Method HtmlHelper::charsetTag does not exist in [/usr/share/php/cake/libs/view/helper.php, line 154]
2012-05-23 20:22:17 Warning: Warning (512): Method HtmlHelper::charsetTag does not exist in [/usr/share/php/cake/libs/view/helper.php, line 154]
2012-05-23 20:49:27 Warning: Warning (512): Method HtmlHelper::charsetTag does not exist in [/usr/share/php/cake/libs/view/helper.php, line 154]
2012-05-23 20:50:46 Warning: Warning (512): Method HtmlHelper::charsetTag does not exist in [/usr/share/php/cake/libs/view/helper.php, line 154]
2012-05-23 20:51:59 Warning: Warning (512): Method HtmlHelper::charsetTag does not exist in [/usr/share/php/cake/libs/view/helper.php, line 154]
2012-05-23 20:53:02 Warning: Warning (512): Method HtmlHelper::charsetTag does not exist in [/usr/share/php/cake/libs/view/helper.php, line 154]
2012-05-23 20:53:31 Warning: Warning (512): Method HtmlHelper::charsetTag does not exist in [/usr/share/php/cake/libs/view/helper.php, line 154]
2012-05-23 20:54:04 Warning: Warning (512): Method HtmlHelper::charsetTag does not exist in [/usr/share/php/cake/libs/view/helper.php, line 154]
2012-05-23 20:55:45 Warning: Warning (512): Method HtmlHelper::charsetTag does not exist in [/usr/share/php/cake/libs/view/helper.php, line 154]
2012-05-23 20:55:59 Warning: Warning (512): Method HtmlHelper::charsetTag does not exist in [/usr/share/php/cake/libs/view/helper.php, line 154]
2012-05-23 20:56:53 Warning: Warning (512): Method HtmlHelper::charsetTag does not exist in [/usr/share/php/cake/libs/view/helper.php, line 154]
2012-05-23 20:58:24 Warning: Warning (512): Method HtmlHelper::charsetTag does not exist in [/usr/share/php/cake/libs/view/helper.php, line 154]
2012-05-23 20:59:51 Warning: Warning (512): Method HtmlHelper::charsetTag does not exist in [/usr/share/php/cake/libs/view/helper.php, line 154]
2012-05-23 21:00:03 Warning: Warning (512): Method HtmlHelper::charsetTag does not exist in [/usr/share/php/cake/libs/view/helper.php, line 154]
2012-05-23 21:00:11 Warning: Warning (512): Method HtmlHelper::charsetTag does not exist in [/usr/share/php/cake/libs/view/helper.php, line 154]
2012-05-23 21:01:23 Warning: Warning (512): Method HtmlHelper::charsetTag does not exist in [/usr/share/php/cake/libs/view/helper.php, line 154]
2012-05-23 21:02:14 Warning: Warning (512): Method HtmlHelper::charsetTag does not exist in [/usr/share/php/cake/libs/view/helper.php, line 154]
2012-05-23 21:02:38 Warning: Warning (512): Method HtmlHelper::charsetTag does not exist in [/usr/share/php/cake/libs/view/helper.php, line 154]
2012-05-23 21:06:16 Warning: Warning (512): Method HtmlHelper::charsetTag does not exist in [/usr/share/php/cake/libs/view/helper.php, line 154]
2012-05-23 21:06:54 Warning: Warning (512): Method HtmlHelper::charsetTag does not exist in [/usr/share/php/cake/libs/view/helper.php, line 154]
2012-05-23 21:07:59 Warning: Warning (512): Method HtmlHelper::charsetTag does not exist in [/usr/share/php/cake/libs/view/helper.php, line 154]
2012-05-23 21:11:00 Warning: Warning (512): Method HtmlHelper::charsetTag does not exist in [/usr/share/php/cake/libs/view/helper.php, line 154]
2012-05-23 21:12:33 Warning: Warning (512): Method HtmlHelper::charsetTag does not exist in [/usr/share/php/cake/libs/view/helper.php, line 154]
2012-05-23 21:13:17 Warning: Warning (512): Method HtmlHelper::charsetTag does not exist in [/usr/share/php/cake/libs/view/helper.php, line 154]
2012-05-23 21:13:37 Warning: Warning (512): Method HtmlHelper::charsetTag does not exist in [/usr/share/php/cake/libs/view/helper.php, line 154]
2012-05-23 21:13:45 Warning: Warning (512): Method HtmlHelper::charsetTag does not exist in [/usr/share/php/cake/libs/view/helper.php, line 154]
2012-05-23 21:14:12 Warning: Warning (512): Method HtmlHelper::charsetTag does not exist in [/usr/share/php/cake/libs/view/helper.php, line 154]
2012-05-23 21:14:33 Warning: Warning (512): Method HtmlHelper::charsetTag does not exist in [/usr/share/php/cake/libs/view/helper.php, line 154]
2012-05-23 21:14:48 Warning: Warning (512): Method HtmlHelper::charsetTag does not exist in [/usr/share/php/cake/libs/view/helper.php, line 154]
2012-05-23 21:14:55 Warning: Warning (512): Method HtmlHelper::charsetTag does not exist in [/usr/share/php/cake/libs/view/helper.php, line 154]
2012-05-23 21:16:10 Warning: Warning (512): Method HtmlHelper::charsetTag does not exist in [/usr/share/php/cake/libs/view/helper.php, line 154]
2012-05-23 21:16:15 Warning: Warning (512): Method HtmlHelper::charsetTag does not exist in [/usr/share/php/cake/libs/view/helper.php, line 154]
2012-05-23 21:16:41 Warning: Warning (512): Method HtmlHelper::charsetTag does not exist in [/usr/share/php/cake/libs/view/helper.php, line 154]
2012-05-23 21:17:03 Warning: Warning (512): Method HtmlHelper::charsetTag does not exist in [/usr/share/php/cake/libs/view/helper.php, line 154]
2012-05-23 21:17:24 Warning: Warning (512): Method HtmlHelper::charsetTag does not exist in [/usr/share/php/cake/libs/view/helper.php, line 154]
2012-05-23 21:17:42 Warning: Warning (512): Method HtmlHelper::charsetTag does not exist in [/usr/share/php/cake/libs/view/helper.php, line 154]
2012-05-23 21:18:06 Warning: Warning (512): Method HtmlHelper::charsetTag does not exist in [/usr/share/php/cake/libs/view/helper.php, line 154]
2012-05-23 21:20:58 Warning: Warning (512): Method HtmlHelper::charsetTag does not exist in [/usr/share/php/cake/libs/view/helper.php, line 154]
2012-05-23 21:21:45 Warning: Warning (512): Method HtmlHelper::charsetTag does not exist in [/usr/share/php/cake/libs/view/helper.php, line 154]
2012-05-23 21:22:22 Warning: Warning (512): Method HtmlHelper::charsetTag does not exist in [/usr/share/php/cake/libs/view/helper.php, line 154]
2012-05-23 21:22:42 Warning: Warning (512): Method HtmlHelper::charsetTag does not exist in [/usr/share/php/cake/libs/view/helper.php, line 154]
2012-05-23 21:27:27 Warning: Warning (512): Method HtmlHelper::charsetTag does not exist in [/usr/share/php/cake/libs/view/helper.php, line 154]
2012-05-23 21:27:38 Warning: Warning (512): Method HtmlHelper::charsetTag does not exist in [/usr/share/php/cake/libs/view/helper.php, line 154]
2012-05-23 21:28:16 Warning: Warning (512): Method HtmlHelper::charsetTag does not exist in [/usr/share/php/cake/libs/view/helper.php, line 154]
2012-05-23 21:28:21 Warning: Warning (512): Method HtmlHelper::charsetTag does not exist in [/usr/share/php/cake/libs/view/helper.php, line 154]
2012-05-23 21:28:53 Warning: Warning (512): Method HtmlHelper::charsetTag does not exist in [/usr/share/php/cake/libs/view/helper.php, line 154]
2012-05-23 21:30:04 Warning: Warning (512): Method HtmlHelper::charsetTag does not exist in [/usr/share/php/cake/libs/view/helper.php, line 154]
2012-05-23 21:30:09 Warning: Warning (512): Method HtmlHelper::charsetTag does not exist in [/usr/share/php/cake/libs/view/helper.php, line 154]
2012-05-23 21:32:23 Warning: Warning (512): Method HtmlHelper::charsetTag does not exist in [/usr/share/php/cake/libs/view/helper.php, line 154]
2012-05-23 21:33:45 Warning: Warning (512): Method HtmlHelper::charsetTag does not exist in [/usr/share/php/cake/libs/view/helper.php, line 154]
2012-05-23 21:34:13 Warning: Warning (512): Method HtmlHelper::charsetTag does not exist in [/usr/share/php/cake/libs/view/helper.php, line 154]
2012-05-23 21:34:20 Warning: Warning (512): Method HtmlHelper::charsetTag does not exist in [/usr/share/php/cake/libs/view/helper.php, line 154]
2012-05-23 21:34:24 Warning: Warning (512): Method HtmlHelper::charsetTag does not exist in [/usr/share/php/cake/libs/view/helper.php, line 154]
2012-05-23 21:36:43 Warning: Warning (512): Method HtmlHelper::charsetTag does not exist in [/usr/share/php/cake/libs/view/helper.php, line 154]
2012-05-23 21:37:17 Warning: Warning (512): Method HtmlHelper::charsetTag does not exist in [/usr/share/php/cake/libs/view/helper.php, line 154]
2012-05-23 21:37:23 Warning: Warning (512): Method HtmlHelper::charsetTag does not exist in [/usr/share/php/cake/libs/view/helper.php, line 154]
2012-05-23 21:37:37 Warning: Warning (512): Method HtmlHelper::charsetTag does not exist in [/usr/share/php/cake/libs/view/helper.php, line 154]
2012-05-23 21:39:31 Warning: Warning (512): Method HtmlHelper::charsetTag does not exist in [/usr/share/php/cake/libs/view/helper.php, line 154]
2012-05-23 21:39:41 Warning: Warning (512): Method HtmlHelper::charsetTag does not exist in [/usr/share/php/cake/libs/view/helper.php, line 154]
2012-05-23 21:39:45 Warning: Warning (512): Method HtmlHelper::charsetTag does not exist in [/usr/share/php/cake/libs/view/helper.php, line 154]
2012-05-23 21:39:55 Warning: Warning (512): Method HtmlHelper::charsetTag does not exist in [/usr/share/php/cake/libs/view/helper.php, line 154]
2012-05-23 21:40:41 Warning: Warning (512): Method HtmlHelper::charsetTag does not exist in [/usr/share/php/cake/libs/view/helper.php, line 154]
2012-05-23 21:43:46 Warning: Warning (512): Method HtmlHelper::charsetTag does not exist in [/usr/share/php/cake/libs/view/helper.php, line 154]
2012-05-23 21:43:50 Warning: Warning (512): Method HtmlHelper::charsetTag does not exist in [/usr/share/php/cake/libs/view/helper.php, line 154]
2012-05-23 21:44:32 Warning: Warning (512): Method HtmlHelper::charsetTag does not exist in [/usr/share/php/cake/libs/view/helper.php, line 154]
2012-05-23 21:44:36 Warning: Warning (512): Method HtmlHelper::charsetTag does not exist in [/usr/share/php/cake/libs/view/helper.php, line 154]
2012-05-23 21:45:26 Warning: Warning (512): Method HtmlHelper::charsetTag does not exist in [/usr/share/php/cake/libs/view/helper.php, line 154]
2012-05-23 21:45:30 Warning: Warning (512): Method HtmlHelper::charsetTag does not exist in [/usr/share/php/cake/libs/view/helper.php, line 154]
2012-05-23 21:45:50 Warning: Warning (512): Method HtmlHelper::charsetTag does not exist in [/usr/share/php/cake/libs/view/helper.php, line 154]
2012-05-23 21:45:54 Warning: Warning (512): Method HtmlHelper::charsetTag does not exist in [/usr/share/php/cake/libs/view/helper.php, line 154]
2012-05-23 21:45:58 Warning: Warning (512): Method HtmlHelper::charsetTag does not exist in [/usr/share/php/cake/libs/view/helper.php, line 154]
2012-05-23 21:46:52 Warning: Warning (512): Method HtmlHelper::charsetTag does not exist in [/usr/share/php/cake/libs/view/helper.php, line 154]
2012-05-23 21:47:18 Warning: Warning (512): Method HtmlHelper::charsetTag does not exist in [/usr/share/php/cake/libs/view/helper.php, line 154]
2012-05-23 21:47:22 Warning: Warning (512): Method HtmlHelper::charsetTag does not exist in [/usr/share/php/cake/libs/view/helper.php, line 154]
2012-05-23 21:48:40 Warning: Warning (512): Method HtmlHelper::charsetTag does not exist in [/usr/share/php/cake/libs/view/helper.php, line 154]
2012-05-23 21:48:44 Warning: Warning (512): Method HtmlHelper::charsetTag does not exist in [/usr/share/php/cake/libs/view/helper.php, line 154]
2012-05-23 21:48:51 Warning: Warning (512): Method HtmlHelper::charsetTag does not exist in [/usr/share/php/cake/libs/view/helper.php, line 154]
2012-05-23 21:49:00 Warning: Warning (512): Method HtmlHelper::charsetTag does not exist in [/usr/share/php/cake/libs/view/helper.php, line 154]
2012-05-23 21:49:06 Warning: Warning (512): Method HtmlHelper::charsetTag does not exist in [/usr/share/php/cake/libs/view/helper.php, line 154]
2012-05-23 21:50:01 Warning: Warning (512): Method HtmlHelper::charsetTag does not exist in [/usr/share/php/cake/libs/view/helper.php, line 154]
2012-05-23 21:50:04 Warning: Warning (512): Method HtmlHelper::charsetTag does not exist in [/usr/share/php/cake/libs/view/helper.php, line 154]
2012-05-23 21:54:54 Warning: Warning (512): Method HtmlHelper::charsetTag does not exist in [/usr/share/php/cake/libs/view/helper.php, line 154]
2012-05-23 21:54:58 Warning: Warning (512): Method HtmlHelper::charsetTag does not exist in [/usr/share/php/cake/libs/view/helper.php, line 154]
2012-05-23 21:57:56 Warning: Warning (512): Method HtmlHelper::charsetTag does not exist in [/usr/share/php/cake/libs/view/helper.php, line 154]
2012-05-23 21:59:36 Warning: Warning (512): Method HtmlHelper::charsetTag does not exist in [/usr/share/php/cake/libs/view/helper.php, line 154]
2012-05-25 21:48:53 Warning: Warning (512): <span style="color:Red;text-align:left"><b>SQL Error:</b> 1054: Unknown column 'TagsTaskList.task_list_id' in 'where clause'</span> in [/usr/share/php/cake/libs/model/datasources/dbo_source.php, line 684]
2012-05-25 21:48:53 Warning: Warning (512): <span style="color:Red;text-align:left"><b>SQL Error:</b> 1054: Unknown column 'task_list_id' in 'field list'</span> in [/usr/share/php/cake/libs/model/datasources/dbo_source.php, line 684]
2012-05-25 21:48:53 Warning: Warning (512): <span style="color:Red;text-align:left"><b>SQL Error:</b> 1054: Unknown column 'TaskListsTask.task_list_id' in 'where clause'</span> in [/usr/share/php/cake/libs/model/datasources/dbo_source.php, line 684]
2012-05-25 21:48:53 Warning: Warning (2): Cannot modify header information - headers already sent by (output started at /usr/share/php/cake/libs/debugger.php:673) in [/usr/share/php/cake/libs/controller/controller.php, line 742]
2012-05-25 22:51:19 Warning: Warning (2): Invalid argument supplied for foreach() in [/var/www/masTODOnt/views/elements/list.ctp, line 17]
2012-05-25 22:51:19 Warning: Warning (2): Invalid argument supplied for foreach() in [/var/www/masTODOnt/views/elements/list.ctp, line 25]
2012-05-25 22:51:50 Warning: Warning (2): Invalid argument supplied for foreach() in [/var/www/masTODOnt/views/elements/list.ctp, line 17]
2012-05-25 22:51:50 Warning: Warning (2): Invalid argument supplied for foreach() in [/var/www/masTODOnt/views/elements/list.ctp, line 25]
2012-05-25 22:51:59 Warning: Warning (2): Invalid argument supplied for foreach() in [/var/www/masTODOnt/views/elements/list.ctp, line 17]
2012-05-25 22:51:59 Warning: Warning (2): Invalid argument supplied for foreach() in [/var/www/masTODOnt/views/elements/list.ctp, line 25]
2012-05-25 23:22:16 Warning: Warning (2): Invalid argument supplied for foreach() in [/var/www/masTODOnt/views/elements/list.ctp, line 11]
2012-05-25 23:22:16 Warning: Warning (2): Invalid argument supplied for foreach() in [/var/www/masTODOnt/views/elements/list.ctp, line 19]
2012-05-26 00:04:59 Warning: Warning (512): <span style="color:Red;text-align:left"><b>SQL Error:</b> 1054: Unknown column 'TaskList.parent' in 'where clause'</span> in [/usr/share/php/cake/libs/model/datasources/dbo_source.php, line 684]
2012-05-26 00:05:09 Warning: Warning (512): <span style="color:Red;text-align:left"><b>SQL Error:</b> 1054: Unknown column 'TaskList.Parent' in 'where clause'</span> in [/usr/share/php/cake/libs/model/datasources/dbo_source.php, line 684]
2012-05-26 00:13:16 Warning: Warning (2): Invalid argument supplied for foreach() in [/var/www/masTODOnt/views/elements/list.ctp, line 11]
2012-05-26 00:13:16 Warning: Warning (2): Invalid argument supplied for foreach() in [/var/www/masTODOnt/views/elements/list.ctp, line 19]
2012-05-26 00:16:25 Warning: Warning (2): preg_match() expects parameter 2 to be string, array given in [/usr/share/php/cake/libs/model/datasources/dbo_source.php, line 2006]
2012-05-26 00:16:25 Warning: Warning (2): preg_match() expects parameter 2 to be string, array given in [/usr/share/php/cake/libs/model/datasources/dbo_source.php, line 2008]
2012-05-26 00:16:25 Warning: Warning (2): strpos() expects parameter 1 to be string, array given in [/usr/share/php/cake/libs/model/datasources/dbo_source.php, line 2011]
2012-05-26 00:16:25 Warning: Warning (2): trim() expects parameter 1 to be string, array given in [/usr/share/php/cake/libs/model/datasources/dbo_source.php, line 2013]
2012-05-26 00:16:25 Warning: Warning (512): <span style="color:Red;text-align:left"><b>SQL Error:</b> 1064: You have an error in your SQL syntax; check the manual that corresponds to your MySQL server version for the right syntax to use near 'DISTINCT `TaskList`.`` FROM `task_lists` AS `TaskList` LEFT JOIN `task_lists` AS' at line 1</span> in [/usr/share/php/cake/libs/model/datasources/dbo_source.php, line 684]
2012-05-26 00:16:48 Warning: Warning (2): preg_match() expects parameter 2 to be string, array given in [/usr/share/php/cake/libs/model/datasources/dbo_source.php, line 2006]
2012-05-26 00:16:48 Warning: Warning (2): preg_match() expects parameter 2 to be string, array given in [/usr/share/php/cake/libs/model/datasources/dbo_source.php, line 2008]
2012-05-26 00:16:48 Warning: Warning (2): strpos() expects parameter 1 to be string, array given in [/usr/share/php/cake/libs/model/datasources/dbo_source.php, line 2011]
2012-05-26 00:16:48 Warning: Warning (2): trim() expects parameter 1 to be string, array given in [/usr/share/php/cake/libs/model/datasources/dbo_source.php, line 2013]
2012-05-26 00:16:48 Warning: Warning (512): <span style="color:Red;text-align:left"><b>SQL Error:</b> 1064: You have an error in your SQL syntax; check the manual that corresponds to your MySQL server version for the right syntax to use near 'DISTINCT `TaskList`.`` FROM `task_lists` AS `TaskList` LEFT JOIN `task_lists` AS' at line 1</span> in [/usr/share/php/cake/libs/model/datasources/dbo_source.php, line 684]
2012-05-26 00:16:50 Warning: Warning (2): preg_match() expects parameter 2 to be string, array given in [/usr/share/php/cake/libs/model/datasources/dbo_source.php, line 2006]
2012-05-26 00:16:50 Warning: Warning (2): preg_match() expects parameter 2 to be string, array given in [/usr/share/php/cake/libs/model/datasources/dbo_source.php, line 2008]
2012-05-26 00:16:50 Warning: Warning (2): strpos() expects parameter 1 to be string, array given in [/usr/share/php/cake/libs/model/datasources/dbo_source.php, line 2011]
2012-05-26 00:16:50 Warning: Warning (2): trim() expects parameter 1 to be string, array given in [/usr/share/php/cake/libs/model/datasources/dbo_source.php, line 2013]
2012-05-26 00:16:50 Warning: Warning (512): <span style="color:Red;text-align:left"><b>SQL Error:</b> 1064: You have an error in your SQL syntax; check the manual that corresponds to your MySQL server version for the right syntax to use near 'DISTINCT `TaskList`.`` FROM `task_lists` AS `TaskList` LEFT JOIN `task_lists` AS' at line 1</span> in [/usr/share/php/cake/libs/model/datasources/dbo_source.php, line 684]
2012-05-26 00:27:37 Warning: Warning (512): <span style="color:Red;text-align:left"><b>SQL Error:</b> 1052: Column 'id' in where clause is ambiguous</span> in [/usr/share/php/cake/libs/model/datasources/dbo_source.php, line 684]
2012-05-26 00:27:43 Warning: Warning (512): <span style="color:Red;text-align:left"><b>SQL Error:</b> 1052: Column 'id' in where clause is ambiguous</span> in [/usr/share/php/cake/libs/model/datasources/dbo_source.php, line 684]
2012-05-26 00:28:50 Warning: Warning (512): <span style="color:Red;text-align:left"><b>SQL Error:</b> 1052: Column 'id' in where clause is ambiguous</span> in [/usr/share/php/cake/libs/model/datasources/dbo_source.php, line 684]
2012-05-26 00:29:48 Warning: Warning (512): <span style="color:Red;text-align:left"><b>SQL Error:</b> 1052: Column 'id' in where clause is ambiguous</span> in [/usr/share/php/cake/libs/model/datasources/dbo_source.php, line 684]
2012-05-26 00:30:32 Warning: Warning (512): <span style="color:Red;text-align:left"><b>SQL Error:</b> 1052: Column 'id' in where clause is ambiguous</span> in [/usr/share/php/cake/libs/model/datasources/dbo_source.php, line 684]
2012-05-26 00:31:31 Warning: Warning (512): <span style="color:Red;text-align:left"><b>SQL Error:</b> 1052: Column 'id' in where clause is ambiguous</span> in [/usr/share/php/cake/libs/model/datasources/dbo_source.php, line 684]
2012-05-27 14:09:56 Warning: Warning (2): explode() expects parameter 2 to be string, array given in [/var/www/masTODOnt/controllers/task_lists_controller.php, line 92]
2012-05-27 14:09:56 Warning: Warning (2): Invalid argument supplied for foreach() in [/var/www/masTODOnt/controllers/task_lists_controller.php, line 95]
2012-05-27 14:12:29 Warning: Warning (2): explode() expects parameter 2 to be string, array given in [/var/www/masTODOnt/controllers/task_lists_controller.php, line 92]
2012-05-27 14:12:29 Warning: Warning (2): Invalid argument supplied for foreach() in [/var/www/masTODOnt/controllers/task_lists_controller.php, line 96]
